app/build/intermediates/manifest_merge_blame_file/ciDebug/manifest-merger-blame-ci-debug-report.txt
1<?xml version="1.0" encoding="utf-8"?>
2<manifest xmlns:android="http://schemas.android.com/apk/res/android"
3    package="com.poupa.vinylmusicplayer.debug"
4    android:versionCode="1"
5    android:versionName="1.0" >
6
7    <uses-sdk
8        android:minSdkVersion="19"
8-->src\main\AndroidManifest.xml
9        android:targetSdkVersion="33" />
9-->src\main\AndroidManifest.xml
10
11    <uses-permission android:name="android.permission.WAKE_LOCK" />
11-->src\main\AndroidManifest.xml:5:5-68
11-->src\main\AndroidManifest.xml:5:22-65
12    <uses-permission android:name="android.permission.READ_EXTERNAL_STORAGE" />
12-->src\main\AndroidManifest.xml:6:5-80
12-->src\main\AndroidManifest.xml:6:22-77
13    <uses-permission android:name="android.permission.WRITE_EXTERNAL_STORAGE" />
13-->src\main\AndroidManifest.xml:7:5-81
13-->src\main\AndroidManifest.xml:7:22-78
14    <uses-permission android:name="android.permission.INTERNET" />
14-->src\main\AndroidManifest.xml:8:5-67
14-->src\main\AndroidManifest.xml:8:22-64
15    <uses-permission android:name="android.permission.ACCESS_NETWORK_STATE" />
15-->src\main\AndroidManifest.xml:9:5-79
15-->src\main\AndroidManifest.xml:9:22-76
16    <uses-permission android:name="android.permission.BROADCAST_STICKY" />
16-->src\main\AndroidManifest.xml:10:5-75
16-->src\main\AndroidManifest.xml:10:22-72
17    <uses-permission android:name="android.permission.WRITE_SETTINGS" />
17-->src\main\AndroidManifest.xml:11:5-12:47
17-->src\main\AndroidManifest.xml:11:22-70
18    <uses-permission android:name="android.permission.RECEIVE_BOOT_COMPLETED" />
18-->src\main\AndroidManifest.xml:13:5-81
18-->src\main\AndroidManifest.xml:13:22-78
19    <uses-permission android:name="android.permission.FOREGROUND_SERVICE" />
19-->src\main\AndroidManifest.xml:14:5-77
19-->src\main\AndroidManifest.xml:14:22-74
20
21    <permission
21-->[androidx.core:core:1.9.0] AndroidManifest.xml:22:5-24:47
22        android:name="com.poupa.vinylmusicplayer.debug.DYNAMIC_RECEIVER_NOT_EXPORTED_PERMISSION"
22-->[androidx.core:core:1.9.0] AndroidManifest.xml:23:9-81
23        android:protectionLevel="signature" />
23-->[androidx.core:core:1.9.0] AndroidManifest.xml:24:9-44
24
25    <uses-permission android:name="com.poupa.vinylmusicplayer.debug.DYNAMIC_RECEIVER_NOT_EXPORTED_PERMISSION" />
25-->[androidx.core:core:1.9.0] AndroidManifest.xml:26:5-97
25-->[androidx.core:core:1.9.0] AndroidManifest.xml:26:22-94
26
27    <application
27-->src\main\AndroidManifest.xml:16:5-165:19
28        android:name="com.poupa.vinylmusicplayer.App"
28-->src\main\AndroidManifest.xml:17:9-54
29        android:allowBackup="true"
29-->src\main\AndroidManifest.xml:18:9-35
30        android:appComponentFactory="androidx.core.app.CoreComponentFactory"
30-->[androidx.core:core:1.9.0] AndroidManifest.xml:28:18-86
31        android:debuggable="true"
32        android:fullBackupOnly="true"
32-->src\main\AndroidManifest.xml:27:9-38
33        android:icon="@mipmap/ic_music"
33-->src\main\AndroidManifest.xml:19:9-40
34        android:label="@string/app_name"
34-->src\main\AndroidManifest.xml:20:9-41
35        android:requestLegacyExternalStorage="true"
35-->src\main\AndroidManifest.xml:25:9-52
36        android:resizeableActivity="true"
36-->src\main\AndroidManifest.xml:24:9-42
37        android:roundIcon="@mipmap/ic_music_round"
37-->src\main\AndroidManifest.xml:21:9-51
38        android:supportsRtl="true"
38-->src\main\AndroidManifest.xml:22:9-35
39        android:testOnly="true"
40        android:theme="@style/Theme.VinylMusicPlayer.Light" >
40-->src\main\AndroidManifest.xml:23:9-60
41        <activity
41-->src\main\AndroidManifest.xml:28:9-101:20
42            android:name="com.poupa.vinylmusicplayer.ui.activities.MainActivity"
42-->src\main\AndroidManifest.xml:28:19-87
43            android:exported="true"
43-->src\main\AndroidManifest.xml:31:13-36
44            android:label="@string/app_short_name"
44-->src\main\AndroidManifest.xml:30:13-51
45            android:theme="@style/SplashTheme" >
45-->src\main\AndroidManifest.xml:29:13-47
46            <intent-filter>
46-->src\main\AndroidManifest.xml:32:13-39:29
47                <action android:name="android.intent.action.MAIN" />
47-->src\main\AndroidManifest.xml:33:17-69
47-->src\main\AndroidManifest.xml:33:25-66
48                <action android:name="android.intent.action.MUSIC_PLAYER" />
48-->src\main\AndroidManifest.xml:34:17-77
48-->src\main\AndroidManifest.xml:34:25-74
49
50                <category android:name="android.intent.category.LAUNCHER" />
50-->src\main\AndroidManifest.xml:36:17-77
50-->src\main\AndroidManifest.xml:36:27-74
51                <category android:name="android.intent.category.APP_MUSIC" />
51-->src\main\AndroidManifest.xml:37:17-78
51-->src\main\AndroidManifest.xml:37:27-75
52                <category android:name="android.intent.category.DEFAULT" />
52-->src\main\AndroidManifest.xml:38:17-76
52-->src\main\AndroidManifest.xml:38:27-73
53            </intent-filter>
54            <intent-filter>
54-->src\main\AndroidManifest.xml:40:13-44:29
55                <action android:name="android.media.action.MEDIA_PLAY_FROM_SEARCH" />
55-->src\main\AndroidManifest.xml:41:17-86
55-->src\main\AndroidManifest.xml:41:25-83
56
57                <category android:name="android.intent.category.DEFAULT" />
57-->src\main\AndroidManifest.xml:38:17-76
57-->src\main\AndroidManifest.xml:38:27-73
58            </intent-filter>
59            <intent-filter>
59-->src\main\AndroidManifest.xml:45:13-55:29
60                <action android:name="android.intent.action.VIEW" />
60-->src\main\AndroidManifest.xml:46:17-69
60-->src\main\AndroidManifest.xml:46:25-66
61
62                <category android:name="android.intent.category.DEFAULT" />
62-->src\main\AndroidManifest.xml:38:17-76
62-->src\main\AndroidManifest.xml:38:27-73
63
64                <data android:scheme="content" />
64-->src\main\AndroidManifest.xml:50:17-50
64-->src\main\AndroidManifest.xml:50:23-47
65                <data android:mimeType="audio/*" />
65-->src\main\AndroidManifest.xml:50:17-50
65-->src\main\AndroidManifest.xml:51:23-49
66                <data android:mimeType="application/ogg" />
66-->src\main\AndroidManifest.xml:50:17-50
66-->src\main\AndroidManifest.xml:51:23-49
67                <data android:mimeType="application/x-ogg" />
67-->src\main\AndroidManifest.xml:50:17-50
67-->src\main\AndroidManifest.xml:51:23-49
68                <data android:mimeType="application/itunes" />
68-->src\main\AndroidManifest.xml:50:17-50
68-->src\main\AndroidManifest.xml:51:23-49
69            </intent-filter>
70            <intent-filter>
70-->src\main\AndroidManifest.xml:56:13-66:29
71                <action android:name="android.intent.action.VIEW" />
71-->src\main\AndroidManifest.xml:46:17-69
71-->src\main\AndroidManifest.xml:46:25-66
72
73                <category android:name="android.intent.category.DEFAULT" />
73-->src\main\AndroidManifest.xml:38:17-76
73-->src\main\AndroidManifest.xml:38:27-73
74
75                <data android:scheme="file" />
75-->src\main\AndroidManifest.xml:50:17-50
75-->src\main\AndroidManifest.xml:50:23-47
76                <data android:mimeType="audio/*" />
76-->src\main\AndroidManifest.xml:50:17-50
76-->src\main\AndroidManifest.xml:51:23-49
77                <data android:mimeType="application/ogg" />
77-->src\main\AndroidManifest.xml:50:17-50
77-->src\main\AndroidManifest.xml:51:23-49
78                <data android:mimeType="application/x-ogg" />
78-->src\main\AndroidManifest.xml:50:17-50
78-->src\main\AndroidManifest.xml:51:23-49
79                <data android:mimeType="application/itunes" />
79-->src\main\AndroidManifest.xml:50:17-50
79-->src\main\AndroidManifest.xml:51:23-49
80            </intent-filter>
81            <intent-filter>
81-->src\main\AndroidManifest.xml:67:13-78:29
82                <action android:name="android.intent.action.VIEW" />
82-->src\main\AndroidManifest.xml:46:17-69
82-->src\main\AndroidManifest.xml:46:25-66
83
84                <category android:name="android.intent.category.DEFAULT" />
84-->src\main\AndroidManifest.xml:38:17-76
84-->src\main\AndroidManifest.xml:38:27-73
85                <category android:name="android.intent.category.BROWSABLE" />
85-->src\main\AndroidManifest.xml:71:17-78
85-->src\main\AndroidManifest.xml:71:27-75
86
87                <data android:scheme="http" />
87-->src\main\AndroidManifest.xml:50:17-50
87-->src\main\AndroidManifest.xml:50:23-47
88                <data android:mimeType="audio/*" />
88-->src\main\AndroidManifest.xml:50:17-50
88-->src\main\AndroidManifest.xml:51:23-49
89                <data android:mimeType="application/ogg" />
89-->src\main\AndroidManifest.xml:50:17-50
89-->src\main\AndroidManifest.xml:51:23-49
90                <data android:mimeType="application/x-ogg" />
90-->src\main\AndroidManifest.xml:50:17-50
90-->src\main\AndroidManifest.xml:51:23-49
91                <data android:mimeType="application/itunes" />
91-->src\main\AndroidManifest.xml:50:17-50
91-->src\main\AndroidManifest.xml:51:23-49
92            </intent-filter>
93            <intent-filter>
93-->src\main\AndroidManifest.xml:79:13-87:29
94                <action android:name="android.intent.action.VIEW" />
94-->src\main\AndroidManifest.xml:46:17-69
94-->src\main\AndroidManifest.xml:46:25-66
95
96                <category android:name="android.intent.category.DEFAULT" />
96-->src\main\AndroidManifest.xml:38:17-76
96-->src\main\AndroidManifest.xml:38:27-73
97
98                <data android:mimeType="vnd.android.cursor.dir/playlist" />
98-->src\main\AndroidManifest.xml:50:17-50
98-->src\main\AndroidManifest.xml:51:23-49
99                <data android:mimeType="vnd.android.cursor.dir/albums" />
99-->src\main\AndroidManifest.xml:50:17-50
99-->src\main\AndroidManifest.xml:51:23-49
100                <data android:mimeType="vnd.android.cursor.dir/artists" />
100-->src\main\AndroidManifest.xml:50:17-50
100-->src\main\AndroidManifest.xml:51:23-49
101            </intent-filter>
102            <intent-filter>
102-->src\main\AndroidManifest.xml:88:13-92:29
103                <action android:name="com.cyanogenmod.eleven.AUDIO_PLAYER" />
103-->src\main\AndroidManifest.xml:89:17-78
103-->src\main\AndroidManifest.xml:89:25-75
104
105                <category android:name="android.intent.category.DEFAULT" />
105-->src\main\AndroidManifest.xml:38:17-76
105-->src\main\AndroidManifest.xml:38:27-73
106            </intent-filter>
107            <intent-filter>
107-->src\main\AndroidManifest.xml:93:13-100:29
108                <action android:name="android.intent.action.PICK" />
108-->src\main\AndroidManifest.xml:94:17-69
108-->src\main\AndroidManifest.xml:94:25-66
109
110                <category android:name="android.intent.category.DEFAULT" />
110-->src\main\AndroidManifest.xml:38:17-76
110-->src\main\AndroidManifest.xml:38:27-73
111                <category android:name="android.intent.category.OPENABLE" />
111-->src\main\AndroidManifest.xml:97:17-77
111-->src\main\AndroidManifest.xml:97:27-74
112
113                <data android:mimeType="vnd.android.cursor.dir/audio" />
113-->src\main\AndroidManifest.xml:50:17-50
113-->src\main\AndroidManifest.xml:51:23-49
114            </intent-filter>
115        </activity>
116        <activity android:name="com.poupa.vinylmusicplayer.ui.activities.AlbumDetailActivity" />
116-->src\main\AndroidManifest.xml:102:9-97
116-->src\main\AndroidManifest.xml:102:19-94
117        <activity android:name="com.poupa.vinylmusicplayer.ui.activities.ArtistDetailActivity" />
117-->src\main\AndroidManifest.xml:103:9-98
117-->src\main\AndroidManifest.xml:103:19-95
118        <activity android:name="com.poupa.vinylmusicplayer.ui.activities.GenreDetailActivity" />
118-->src\main\AndroidManifest.xml:104:9-97
118-->src\main\AndroidManifest.xml:104:19-94
119        <activity android:name="com.poupa.vinylmusicplayer.ui.activities.PlaylistDetailActivity" />
119-->src\main\AndroidManifest.xml:105:9-100
119-->src\main\AndroidManifest.xml:105:19-97
120        <activity
120-->src\main\AndroidManifest.xml:106:9-108:58
121            android:name="com.poupa.vinylmusicplayer.ui.activities.tageditor.SongTagEditorActivity"
121-->src\main\AndroidManifest.xml:107:13-100
122            android:windowSoftInputMode="adjustResize" />
122-->src\main\AndroidManifest.xml:108:13-55
123        <activity
123-->src\main\AndroidManifest.xml:109:9-111:58
124            android:name="com.poupa.vinylmusicplayer.ui.activities.tageditor.AlbumTagEditorActivity"
124-->src\main\AndroidManifest.xml:110:13-101
125            android:windowSoftInputMode="adjustResize" />
125-->src\main\AndroidManifest.xml:111:13-55
126        <activity android:name="com.poupa.vinylmusicplayer.ui.activities.SearchActivity" />
126-->src\main\AndroidManifest.xml:112:9-92
126-->src\main\AndroidManifest.xml:112:19-89
127        <activity
127-->src\main\AndroidManifest.xml:113:9-115:49
128            android:name="com.poupa.vinylmusicplayer.ui.activities.saf.SAFGuideActivity"
128-->src\main\AndroidManifest.xml:114:13-63
129            android:theme="@style/Theme.Intro" />
129-->src\main\AndroidManifest.xml:115:13-47
130        <activity
130-->src\main\AndroidManifest.xml:116:9-119:75
131            android:name="com.poupa.vinylmusicplayer.appshortcuts.AppShortcutLauncherActivity"
131-->src\main\AndroidManifest.xml:117:13-95
132            android:launchMode="singleInstance"
132-->src\main\AndroidManifest.xml:118:13-48
133            android:theme="@android:style/Theme.Translucent.NoTitleBar" />
133-->src\main\AndroidManifest.xml:119:13-72
134
135        <service
135-->src\main\AndroidManifest.xml:121:9-129:19
136            android:name="com.poupa.vinylmusicplayer.service.MusicService"
136-->src\main\AndroidManifest.xml:122:13-75
137            android:enabled="true"
137-->src\main\AndroidManifest.xml:123:13-35
138            android:exported="true"
138-->src\main\AndroidManifest.xml:125:13-36
139            android:label="@string/app_name" >
139-->src\main\AndroidManifest.xml:124:13-45
140            <intent-filter>
140-->src\main\AndroidManifest.xml:126:13-128:29
141                <action android:name="android.media.browse.MediaBrowserService" />
141-->src\main\AndroidManifest.xml:127:17-82
141-->src\main\AndroidManifest.xml:127:25-80
142            </intent-filter>
143        </service>
144
145        <receiver
145-->src\main\AndroidManifest.xml:131:9-136:20
146            android:name="com.poupa.vinylmusicplayer.service.MediaButtonIntentReceiver"
146-->src\main\AndroidManifest.xml:131:19-94
147            android:exported="true" >
147-->src\main\AndroidManifest.xml:132:13-36
148            <intent-filter>
148-->src\main\AndroidManifest.xml:133:13-135:29
149                <action android:name="android.intent.action.MEDIA_BUTTON" />
149-->src\main\AndroidManifest.xml:134:17-77
149-->src\main\AndroidManifest.xml:134:25-74
150            </intent-filter>
151        </receiver>
152
153        <meta-data
153-->src\main\AndroidManifest.xml:138:9-140:35
154            android:name="android.max_aspect"
154-->src\main\AndroidManifest.xml:139:13-46
155            android:value="2.1" />
155-->src\main\AndroidManifest.xml:140:13-32
156        <meta-data
156-->src\main\AndroidManifest.xml:141:9-143:36
157            android:name="com.lge.support.SPLIT_WINDOW"
157-->src\main\AndroidManifest.xml:142:13-56
158            android:value="true" />
158-->src\main\AndroidManifest.xml:143:13-33
159
160        <provider
161            android:name="androidx.core.content.FileProvider"
161-->src\main\AndroidManifest.xml:146:13-62
162            android:authorities="com.poupa.vinylmusicplayer.debug"
162-->src\main\AndroidManifest.xml:147:13-51
163            android:exported="false"
163-->src\main\AndroidManifest.xml:148:13-37
164            android:grantUriPermissions="true" >
164-->src\main\AndroidManifest.xml:149:13-47
165            <meta-data
165-->src\main\AndroidManifest.xml:150:13-152:58
166                android:name="android.support.FILE_PROVIDER_PATHS"
166-->src\main\AndroidManifest.xml:151:17-67
167                android:resource="@xml/provider_paths" />
167-->src\main\AndroidManifest.xml:152:17-55
168        </provider>
169        <!-- Android Auto -->
170        <meta-data
170-->src\main\AndroidManifest.xml:155:9-157:58
171            android:name="com.google.android.gms.car.application"
171-->src\main\AndroidManifest.xml:156:13-66
172            android:resource="@xml/automotive_app_desc" />
172-->src\main\AndroidManifest.xml:157:13-56
173        <meta-data
173-->src\main\AndroidManifest.xml:158:9-160:50
174            android:name="com.google.android.gms.car.application.theme"
174-->src\main\AndroidManifest.xml:159:13-72
175            android:resource="@style/CarTheme" />
175-->src\main\AndroidManifest.xml:160:13-47
176        <meta-data
176-->src\main\AndroidManifest.xml:161:9-163:59
177            android:name="com.google.android.gms.car.notification.SmallIcon"
177-->src\main\AndroidManifest.xml:162:13-77
178            android:resource="@drawable/ic_notification" />
178-->src\main\AndroidManifest.xml:163:13-57
179
180        <activity android:name="com.kabouzeid.appthemehelper.common.ATHToolbarActivity" />
180-->[com.github.kabouzeid:app-theme-helper:1.3.10] AndroidManifest.xml:12:9-91
180-->[com.github.kabouzeid:app-theme-helper:1.3.10] AndroidManifest.xml:12:19-88
181        <activity android:name="com.kabouzeid.appthemehelper.ATHActivity" />
181-->[com.github.kabouzeid:app-theme-helper:1.3.10] AndroidManifest.xml:13:9-77
181-->[com.github.kabouzeid:app-theme-helper:1.3.10] AndroidManifest.xml:13:19-74
182        <activity android:name="com.kabouzeid.appthemehelper.common.ATHActionBarActivity" />
182-->[com.github.kabouzeid:app-theme-helper:1.3.10] AndroidManifest.xml:14:9-93
182-->[com.github.kabouzeid:app-theme-helper:1.3.10] AndroidManifest.xml:14:19-90
183
184        <meta-data
184-->[com.github.bumptech.glide:okhttp3-integration:4.11.0] AndroidManifest.xml:11:9-13:43
185            android:name="com.bumptech.glide.integration.okhttp3.OkHttpGlideModule"
185-->[com.github.bumptech.glide:okhttp3-integration:4.11.0] AndroidManifest.xml:12:13-84
186            android:value="GlideModule" />
186-->[com.github.bumptech.glide:okhttp3-integration:4.11.0] AndroidManifest.xml:13:13-40
187
188        <provider
188-->[androidx.emoji2:emoji2:1.2.0] AndroidManifest.xml:24:9-32:20
189            android:name="androidx.startup.InitializationProvider"
189-->[androidx.emoji2:emoji2:1.2.0] AndroidManifest.xml:25:13-67
190            android:authorities="com.poupa.vinylmusicplayer.debug.androidx-startup"
190-->[androidx.emoji2:emoji2:1.2.0] AndroidManifest.xml:26:13-68
191            android:exported="false" >
191-->[androidx.emoji2:emoji2:1.2.0] AndroidManifest.xml:27:13-37
192            <meta-data
192-->[androidx.emoji2:emoji2:1.2.0] AndroidManifest.xml:29:13-31:52
193                android:name="androidx.emoji2.text.EmojiCompatInitializer"
193-->[androidx.emoji2:emoji2:1.2.0] AndroidManifest.xml:30:17-75
194                android:value="androidx.startup" />
194-->[androidx.emoji2:emoji2:1.2.0] AndroidManifest.xml:31:17-49
195            <meta-data
195-->[androidx.lifecycle:lifecycle-process:2.4.1] AndroidManifest.xml:31:13-33:52
196                android:name="androidx.lifecycle.ProcessLifecycleInitializer"
196-->[androidx.lifecycle:lifecycle-process:2.4.1] AndroidManifest.xml:32:17-78
197                android:value="androidx.startup" />
197-->[androidx.lifecycle:lifecycle-process:2.4.1] AndroidManifest.xml:33:17-49
198        </provider>
199
200        <uses-library
200-->[androidx.window:window:1.0.0] AndroidManifest.xml:25:9-27:40
201            android:name="androidx.window.extensions"
201-->[androidx.window:window:1.0.0] AndroidManifest.xml:26:13-54
202            android:required="false" />
202-->[androidx.window:window:1.0.0] AndroidManifest.xml:27:13-37
203        <uses-library
203-->[androidx.window:window:1.0.0] AndroidManifest.xml:28:9-30:40
204            android:name="androidx.window.sidecar"
204-->[androidx.window:window:1.0.0] AndroidManifest.xml:29:13-51
205            android:required="false" />
205-->[androidx.window:window:1.0.0] AndroidManifest.xml:30:13-37
206    </application>
207
208</manifest>